2015-Sep-22 13:35:21,189 [INFO ] com.bigdata.config.Configuration:256 - com.bigdata.journal.AbstractJournal.historicalIndexCacheCapacity=60
2015-Sep-22 13:35:21,202 [INFO ] com.bigdata.config.Configuration:256 - com.bigdata.journal.AbstractJournal.historicalIndexCacheTimeout=60000
2015-Sep-22 13:35:21,221 [INFO ] com.bigdata.config.Configuration:256 - com.bigdata.journal.AbstractJournal.liveIndexCacheCapacity=60
2015-Sep-22 13:35:21,221 [INFO ] com.bigdata.config.Configuration:256 - com.bigdata.journal.AbstractJournal.liveIndexCacheTimeout=60000
2015-Sep-22 13:35:21,222 [INFO ] com.bigdata.config.Configuration:256 - com.bigdata.journal.AbstractJournal.initialExtent=10485760
2015-Sep-22 13:35:21,223 [INFO ] com.bigdata.config.Configuration:256 - com.bigdata.journal.AbstractJournal.maximumExtent=209715200
2015-Sep-22 13:35:21,224 [INFO ] com.bigdata.config.Configuration:256 - com.bigdata.journal.AbstractJournal.minimumExtension=33554432
2015-Sep-22 13:35:21,225 [INFO ] com.bigdata.config.Configuration:256 - com.bigdata.journal.AbstractJournal.readOnly=false
2015-Sep-22 13:35:21,225 [INFO ] com.bigdata.config.Configuration:256 - com.bigdata.journal.AbstractJournal.forceOnCommit=ForceMetadata
2015-Sep-22 13:35:21,226 [INFO ] com.bigdata.config.Configuration:256 - com.bigdata.journal.AbstractJournal.doubleSync=false
2015-Sep-22 13:35:21,226 [INFO ] com.bigdata.config.Configuration:256 - com.bigdata.journal.AbstractJournal.deleteOnClose=false
2015-Sep-22 13:35:21,226 [INFO ] com.bigdata.config.Configuration:256 - com.bigdata.journal.AbstractJournal.tmpDir=/tmp
2015-Sep-22 13:35:21,227 [INFO ] com.bigdata.config.Configuration:256 - com.bigdata.journal.AbstractJournal.bufferMode=DiskRW
2015-Sep-22 13:35:21,242 [INFO ] com.bigdata.counters.AbstractStatisticsCollector:125 - FQDN      : monkey
2015-Sep-22 13:35:21,242 [INFO ] com.bigdata.counters.AbstractStatisticsCollector:126 - hostPrefix: /monkey/
2015-Sep-22 13:35:21,248 [INFO ] org.apache.system.SystemUtil:90 - architecture: amd64
2015-Sep-22 13:35:21,251 [INFO ] org.apache.system.SystemUtil:91 - operating system: Linux
2015-Sep-22 13:35:21,252 [INFO ] org.apache.system.SystemUtil:92 - operation system version: 3.19.0-21-generic
2015-Sep-22 13:35:21,252 [INFO ] org.apache.system.SystemUtil:93 - #processors: 4
2015-Sep-22 13:35:21,253 [INFO ] org.apache.system.SystemUtil:94 - cpu info: AMD FX(tm)-4300 Quad-Core Processor Family 21 Model 2 Stepping 0, AuthenticAMD
2015-Sep-22 13:35:21,275 [WARN ] com.bigdata.Banner:222 - Defaulting log level to WARN: com.bigdata
2015-Sep-22 13:35:21,346 [DEBUG] gov.va.semoss.tools.CliTest:148 - preRegister called. Server=com.sun.jmx.mbeanserver.JmxMBeanServer@75db5df9, name=log4j:logger=gov.va.semoss.tools.CliTest
2015-Sep-22 13:35:21,347 [DEBUG] gov.va.semoss.tools.CLI:148 - preRegister called. Server=com.sun.jmx.mbeanserver.JmxMBeanServer@75db5df9, name=log4j:logger=gov.va.semoss.tools.CLI
2015-Sep-22 13:35:21,348 [DEBUG] gov.va.semoss.rdf.engine.impl.AbstractEngine:148 - preRegister called. Server=com.sun.jmx.mbeanserver.JmxMBeanServer@75db5df9, name=log4j:logger=gov.va.semoss.rdf.engine.impl.AbstractEngine
2015-Sep-22 13:35:21,348 [DEBUG] gov.va.semoss.rdf.engine.util.EngineUtil:148 - preRegister called. Server=com.sun.jmx.mbeanserver.JmxMBeanServer@75db5df9, name=log4j:logger=gov.va.semoss.rdf.engine.util.EngineUtil
2015-Sep-22 13:35:21,350 [DEBUG] gov.va.vcamp:148 - preRegister called. Server=com.sun.jmx.mbeanserver.JmxMBeanServer@75db5df9, name=log4j:logger=gov.va.vcamp
2015-Sep-22 13:35:21,352 [DEBUG] gov.va.semoss:148 - preRegister called. Server=com.sun.jmx.mbeanserver.JmxMBeanServer@75db5df9, name=log4j:logger=gov.va.semoss
2015-Sep-22 13:35:21,866 [WARN ] com.bigdata.rdf.ServiceProviderHook:162 - Running.
2015-Sep-22 13:35:21,902 [WARN ] org.openrdf.query.resultio.TupleQueryResultWriterRegistry:57 - New service class org.openrdf.query.resultio.sparqljson.SPARQLResultsJSONWriterFactory replaces existing service class com.bigdata.rdf.rio.json.BigdataSPARQLResultsJSONWriterFactory
2015-Sep-22 13:35:21,906 [WARN ] org.openrdf.query.resultio.TupleQueryResultParserRegistry:57 - New service class org.openrdf.query.resultio.sparqljson.SPARQLResultsJSONParserFactory replaces existing service class com.bigdata.rdf.rio.json.BigdataSPARQLResultsJSONParserFactory
2015-Sep-22 13:35:22,722 [DEBUG] gov.va.semoss.util.GuiUtility:335 - In Utility file name is /tmp/cli-test-7057936149898601267.jnl
2015-Sep-22 13:35:22,744 [DEBUG] gov.va.semoss.rdf.engine.impl.AbstractEngine:403 - looking for null_Questions.properties as /tmp/null_Questions.properties
2015-Sep-22 13:35:22,744 [DEBUG] gov.va.semoss.rdf.engine.impl.AbstractEngine:403 - looking for null_Questions.properties as /home/ryan/devl/7delta/git/va-semoss/tools/null_Questions.properties
2015-Sep-22 13:35:22,745 [DEBUG] gov.va.semoss.rdf.engine.impl.AbstractEngine:403 - looking for null_OWL.OWL as /tmp/null_OWL.OWL
2015-Sep-22 13:35:22,745 [DEBUG] gov.va.semoss.rdf.engine.impl.AbstractEngine:403 - looking for null_OWL.OWL as /home/ryan/devl/7delta/git/va-semoss/tools/null_OWL.OWL
2015-Sep-22 13:35:22,745 [DEBUG] gov.va.semoss.rdf.engine.impl.AbstractEngine:403 - looking for null_Custom_Map.prop as /tmp/null_Custom_Map.prop
2015-Sep-22 13:35:22,746 [DEBUG] gov.va.semoss.rdf.engine.impl.AbstractEngine:403 - looking for null_Custom_Map.prop as /home/ryan/devl/7delta/git/va-semoss/tools/null_Custom_Map.prop
2015-Sep-22 13:35:22,746 [DEBUG] gov.va.semoss.rdf.engine.impl.AbstractEngine:403 - looking for RWStore.properties as /tmp/RWStore.properties
2015-Sep-22 13:35:22,746 [DEBUG] gov.va.semoss.rdf.engine.impl.AbstractEngine:403 - looking for RWStore.properties as /home/ryan/devl/7delta/git/va-semoss/tools/RWStore.properties
2015-Sep-22 13:35:23,162 [DEBUG] gov.va.semoss.rdf.engine.impl.BigDataEngine:174 - loading on-disk insights stmts: 0
2015-Sep-22 13:35:23,299 [WARN ] gov.va.semoss.rdf.engine.impl.AbstractEngine:91 - no schema URI set anywhere...using http://semoss.org/ontologies
2015-Sep-22 13:35:23,720 [INFO ] gov.va.semoss.util.GuiUtility:347 - Engine created.
2015-Sep-22 13:35:23,740 [DEBUG] gov.va.semoss.util.Utility:430 - -- listing properties --
GQ4_QUERY=SELECT ?subject ?predicate ?object WH...
GQ3_QUERY=SELECT ?subject ?predicate ?object WH...
GQ2_LAYOUT=gov.va.semoss.ui.components.playsheet...
GQ5_LAYOUT=gov.va.semoss.ui.components.playsheet...
PERSPECTIVE=Generic-Perspective
GQ1_Instance_QUERY=SELECT ?entity WHERE { {?entity <http...
Generic-Perspective=GQ1;GQ2;GQ3;GQ4;GQ5;
GQ5_QUERY=SELECT DISTINCT ?subject WHERE {{?sub...
GQ1_Concept_QUERY=SELECT ?entity WHERE { {?entity <http...
GQ3_LAYOUT=gov.va.semoss.ui.components.playsheet...
GQ5=Select Distinct Subjects
GQ1_LAYOUT=gov.va.semoss.ui.components.playsheet...
GQ4=Select Query Rendered as a Grid
GQ4_LAYOUT=gov.va.semoss.ui.components.playsheet...
GQ3=Select Query Raw
GQ2=Generic CONSTRUCT Query
GQ1=Explore an instance of a selected nod...
GQ2_QUERY=CONSTRUCT {?subject ?predicate ?objec...
GQ1_QUERY=CONSTRUCT {?instance ?instance ?insta...

2015-Sep-22 13:35:23,741 [DEBUG] gov.va.semoss.rdf.engine.impl.InsightManagerImpl:172 - Legacy Perspectives: Generic-Perspective
2015-Sep-22 13:35:23,867 [DEBUG] gov.va.semoss.rdf.engine.impl.BigDataEngine:205 - writing 106 statements to on-disk insight kb
2015-Sep-22 13:35:24,669 [DEBUG] gov.va.semoss.rdf.engine.util.QaChecker:86 - QA backing file is: /tmp/qachecker-3184057169707630420.maps
2015-Sep-22 13:35:24,981 [DEBUG] gov.va.semoss.rdf.engine.impl.AbstractSesameEngine:292 - closing db: cli-test-7057936149898601267
2015-Sep-22 13:35:24,985 [DEBUG] gov.va.semoss.rdf.engine.impl.AbstractEngine:403 - looking for null_Questions.properties as /home/ryan/devl/7delta/git/va-semoss/tools/null_Questions.properties
2015-Sep-22 13:35:24,985 [DEBUG] gov.va.semoss.rdf.engine.impl.AbstractEngine:403 - looking for null_OWL.OWL as /home/ryan/devl/7delta/git/va-semoss/tools/null_OWL.OWL
2015-Sep-22 13:35:24,986 [DEBUG] gov.va.semoss.rdf.engine.impl.AbstractEngine:403 - looking for null_Custom_Map.prop as /home/ryan/devl/7delta/git/va-semoss/tools/null_Custom_Map.prop
2015-Sep-22 13:35:24,986 [DEBUG] gov.va.semoss.rdf.engine.impl.AbstractEngine:403 - looking for RWStore.properties as /home/ryan/devl/7delta/git/va-semoss/tools/RWStore.properties
2015-Sep-22 13:35:25,061 [DEBUG] gov.va.semoss.rdf.engine.impl.BigDataEngine:174 - loading on-disk insights stmts: 106
2015-Sep-22 13:35:25,093 [WARN ] gov.va.semoss.rdf.engine.impl.AbstractEngine:91 - no schema URI set anywhere...using http://semoss.org/ontologies
2015-Sep-22 13:35:25,170 [DEBUG] gov.va.semoss.rdf.engine.util.QaChecker:86 - QA backing file is: /tmp/qachecker-1761728546050686699.maps
2015-Sep-22 13:35:25,399 [DEBUG] gov.va.semoss.rdf.engine.impl.AbstractSesameEngine:292 - closing db: null
2015-Sep-22 13:35:57,792 [INFO ] com.bigdata.config.Configuration:256 - com.bigdata.journal.AbstractJournal.historicalIndexCacheCapacity=60
2015-Sep-22 13:35:57,799 [INFO ] com.bigdata.config.Configuration:256 - com.bigdata.journal.AbstractJournal.historicalIndexCacheTimeout=60000
2015-Sep-22 13:35:57,817 [INFO ] com.bigdata.config.Configuration:256 - com.bigdata.journal.AbstractJournal.liveIndexCacheCapacity=60
2015-Sep-22 13:35:57,817 [INFO ] com.bigdata.config.Configuration:256 - com.bigdata.journal.AbstractJournal.liveIndexCacheTimeout=60000
2015-Sep-22 13:35:57,819 [INFO ] com.bigdata.config.Configuration:256 - com.bigdata.journal.AbstractJournal.initialExtent=10485760
2015-Sep-22 13:35:57,819 [INFO ] com.bigdata.config.Configuration:256 - com.bigdata.journal.AbstractJournal.maximumExtent=209715200
2015-Sep-22 13:35:57,820 [INFO ] com.bigdata.config.Configuration:256 - com.bigdata.journal.AbstractJournal.minimumExtension=33554432
2015-Sep-22 13:35:57,820 [INFO ] com.bigdata.config.Configuration:256 - com.bigdata.journal.AbstractJournal.readOnly=false
2015-Sep-22 13:35:57,821 [INFO ] com.bigdata.config.Configuration:256 - com.bigdata.journal.AbstractJournal.forceOnCommit=ForceMetadata
2015-Sep-22 13:35:57,822 [INFO ] com.bigdata.config.Configuration:256 - com.bigdata.journal.AbstractJournal.doubleSync=false
2015-Sep-22 13:35:57,822 [INFO ] com.bigdata.config.Configuration:256 - com.bigdata.journal.AbstractJournal.deleteOnClose=false
2015-Sep-22 13:35:57,823 [INFO ] com.bigdata.config.Configuration:256 - com.bigdata.journal.AbstractJournal.tmpDir=/tmp
2015-Sep-22 13:35:57,824 [INFO ] com.bigdata.config.Configuration:256 - com.bigdata.journal.AbstractJournal.bufferMode=DiskRW
2015-Sep-22 13:35:57,838 [INFO ] com.bigdata.counters.AbstractStatisticsCollector:125 - FQDN      : monkey
2015-Sep-22 13:35:57,839 [INFO ] com.bigdata.counters.AbstractStatisticsCollector:126 - hostPrefix: /monkey/
2015-Sep-22 13:35:57,846 [INFO ] org.apache.system.SystemUtil:90 - architecture: amd64
2015-Sep-22 13:35:57,848 [INFO ] org.apache.system.SystemUtil:91 - operating system: Linux
2015-Sep-22 13:35:57,849 [INFO ] org.apache.system.SystemUtil:92 - operation system version: 3.19.0-21-generic
2015-Sep-22 13:35:57,849 [INFO ] org.apache.system.SystemUtil:93 - #processors: 4
2015-Sep-22 13:35:57,849 [INFO ] org.apache.system.SystemUtil:94 - cpu info: AMD FX(tm)-4300 Quad-Core Processor Family 21 Model 2 Stepping 0, AuthenticAMD
2015-Sep-22 13:35:57,861 [WARN ] com.bigdata.Banner:222 - Defaulting log level to WARN: com.bigdata
2015-Sep-22 13:35:57,939 [DEBUG] gov.va.semoss.tools.CliTest:148 - preRegister called. Server=com.sun.jmx.mbeanserver.JmxMBeanServer@3fb1549b, name=log4j:logger=gov.va.semoss.tools.CliTest
2015-Sep-22 13:35:57,940 [DEBUG] gov.va.semoss.tools.CLI:148 - preRegister called. Server=com.sun.jmx.mbeanserver.JmxMBeanServer@3fb1549b, name=log4j:logger=gov.va.semoss.tools.CLI
2015-Sep-22 13:35:57,941 [DEBUG] gov.va.semoss.rdf.engine.impl.AbstractEngine:148 - preRegister called. Server=com.sun.jmx.mbeanserver.JmxMBeanServer@3fb1549b, name=log4j:logger=gov.va.semoss.rdf.engine.impl.AbstractEngine
2015-Sep-22 13:35:57,942 [DEBUG] gov.va.semoss.rdf.engine.util.EngineUtil:148 - preRegister called. Server=com.sun.jmx.mbeanserver.JmxMBeanServer@3fb1549b, name=log4j:logger=gov.va.semoss.rdf.engine.util.EngineUtil
2015-Sep-22 13:35:57,944 [DEBUG] gov.va.vcamp:148 - preRegister called. Server=com.sun.jmx.mbeanserver.JmxMBeanServer@3fb1549b, name=log4j:logger=gov.va.vcamp
2015-Sep-22 13:35:57,946 [DEBUG] gov.va.semoss:148 - preRegister called. Server=com.sun.jmx.mbeanserver.JmxMBeanServer@3fb1549b, name=log4j:logger=gov.va.semoss
2015-Sep-22 13:35:58,403 [WARN ] com.bigdata.rdf.ServiceProviderHook:162 - Running.
2015-Sep-22 13:35:58,443 [WARN ] org.openrdf.query.resultio.TupleQueryResultWriterRegistry:57 - New service class org.openrdf.query.resultio.sparqljson.SPARQLResultsJSONWriterFactory replaces existing service class com.bigdata.rdf.rio.json.BigdataSPARQLResultsJSONWriterFactory
2015-Sep-22 13:35:58,448 [WARN ] org.openrdf.query.resultio.TupleQueryResultParserRegistry:57 - New service class org.openrdf.query.resultio.sparqljson.SPARQLResultsJSONParserFactory replaces existing service class com.bigdata.rdf.rio.json.BigdataSPARQLResultsJSONParserFactory
2015-Sep-22 13:35:59,057 [DEBUG] gov.va.semoss.util.GuiUtility:335 - In Utility file name is /tmp/cli-test-5870514820175660684.jnl
2015-Sep-22 13:35:59,059 [DEBUG] gov.va.semoss.rdf.engine.impl.AbstractEngine:403 - looking for null_Questions.properties as /tmp/null_Questions.properties
2015-Sep-22 13:35:59,059 [DEBUG] gov.va.semoss.rdf.engine.impl.AbstractEngine:403 - looking for null_Questions.properties as /home/ryan/devl/7delta/git/va-semoss/tools/null_Questions.properties
2015-Sep-22 13:35:59,060 [DEBUG] gov.va.semoss.rdf.engine.impl.AbstractEngine:403 - looking for null_OWL.OWL as /tmp/null_OWL.OWL
2015-Sep-22 13:35:59,060 [DEBUG] gov.va.semoss.rdf.engine.impl.AbstractEngine:403 - looking for null_OWL.OWL as /home/ryan/devl/7delta/git/va-semoss/tools/null_OWL.OWL
2015-Sep-22 13:35:59,060 [DEBUG] gov.va.semoss.rdf.engine.impl.AbstractEngine:403 - looking for null_Custom_Map.prop as /tmp/null_Custom_Map.prop
2015-Sep-22 13:35:59,060 [DEBUG] gov.va.semoss.rdf.engine.impl.AbstractEngine:403 - looking for null_Custom_Map.prop as /home/ryan/devl/7delta/git/va-semoss/tools/null_Custom_Map.prop
2015-Sep-22 13:35:59,061 [DEBUG] gov.va.semoss.rdf.engine.impl.AbstractEngine:403 - looking for RWStore.properties as /tmp/RWStore.properties
2015-Sep-22 13:35:59,061 [DEBUG] gov.va.semoss.rdf.engine.impl.AbstractEngine:403 - looking for RWStore.properties as /home/ryan/devl/7delta/git/va-semoss/tools/RWStore.properties
2015-Sep-22 13:35:59,395 [DEBUG] gov.va.semoss.rdf.engine.impl.BigDataEngine:174 - loading on-disk insights stmts: 0
2015-Sep-22 13:35:59,534 [WARN ] gov.va.semoss.rdf.engine.impl.AbstractEngine:91 - no schema URI set anywhere...using http://semoss.org/ontologies
2015-Sep-22 13:35:59,900 [INFO ] gov.va.semoss.util.GuiUtility:347 - Engine created.
2015-Sep-22 13:35:59,920 [DEBUG] gov.va.semoss.util.Utility:430 - -- listing properties --
GQ4_QUERY=SELECT ?subject ?predicate ?object WH...
GQ3_QUERY=SELECT ?subject ?predicate ?object WH...
GQ2_LAYOUT=gov.va.semoss.ui.components.playsheet...
GQ5_LAYOUT=gov.va.semoss.ui.components.playsheet...
PERSPECTIVE=Generic-Perspective
GQ1_Instance_QUERY=SELECT ?entity WHERE { {?entity <http...
Generic-Perspective=GQ1;GQ2;GQ3;GQ4;GQ5;
GQ5_QUERY=SELECT DISTINCT ?subject WHERE {{?sub...
GQ1_Concept_QUERY=SELECT ?entity WHERE { {?entity <http...
GQ3_LAYOUT=gov.va.semoss.ui.components.playsheet...
GQ5=Select Distinct Subjects
GQ1_LAYOUT=gov.va.semoss.ui.components.playsheet...
GQ4=Select Query Rendered as a Grid
GQ4_LAYOUT=gov.va.semoss.ui.components.playsheet...
GQ3=Select Query Raw
GQ2=Generic CONSTRUCT Query
GQ1=Explore an instance of a selected nod...
GQ2_QUERY=CONSTRUCT {?subject ?predicate ?objec...
GQ1_QUERY=CONSTRUCT {?instance ?instance ?insta...

2015-Sep-22 13:35:59,920 [DEBUG] gov.va.semoss.rdf.engine.impl.InsightManagerImpl:172 - Legacy Perspectives: Generic-Perspective
2015-Sep-22 13:36:00,036 [DEBUG] gov.va.semoss.rdf.engine.impl.BigDataEngine:205 - writing 106 statements to on-disk insight kb
2015-Sep-22 13:36:00,904 [DEBUG] gov.va.semoss.rdf.engine.util.QaChecker:86 - QA backing file is: /tmp/qachecker-2012395283167335914.maps
2015-Sep-22 13:36:01,313 [DEBUG] gov.va.semoss.rdf.engine.impl.AbstractSesameEngine:292 - closing db: cli-test-5870514820175660684
2015-Sep-22 13:36:01,318 [DEBUG] gov.va.semoss.rdf.engine.impl.AbstractEngine:403 - looking for null_Questions.properties as /home/ryan/devl/7delta/git/va-semoss/tools/null_Questions.properties
2015-Sep-22 13:36:01,319 [DEBUG] gov.va.semoss.rdf.engine.impl.AbstractEngine:403 - looking for null_OWL.OWL as /home/ryan/devl/7delta/git/va-semoss/tools/null_OWL.OWL
2015-Sep-22 13:36:01,319 [DEBUG] gov.va.semoss.rdf.engine.impl.AbstractEngine:403 - looking for null_Custom_Map.prop as /home/ryan/devl/7delta/git/va-semoss/tools/null_Custom_Map.prop
2015-Sep-22 13:36:01,319 [DEBUG] gov.va.semoss.rdf.engine.impl.AbstractEngine:403 - looking for RWStore.properties as /home/ryan/devl/7delta/git/va-semoss/tools/RWStore.properties
2015-Sep-22 13:36:01,382 [DEBUG] gov.va.semoss.rdf.engine.impl.BigDataEngine:174 - loading on-disk insights stmts: 106
2015-Sep-22 13:36:01,424 [WARN ] gov.va.semoss.rdf.engine.impl.AbstractEngine:91 - no schema URI set anywhere...using http://semoss.org/ontologies
2015-Sep-22 13:36:01,498 [DEBUG] gov.va.semoss.rdf.engine.util.QaChecker:86 - QA backing file is: /tmp/qachecker-8650316190508303567.maps
2015-Sep-22 13:36:01,766 [DEBUG] gov.va.semoss.rdf.engine.impl.AbstractSesameEngine:292 - closing db: null
2015-Sep-22 13:36:47,675 [INFO ] com.bigdata.config.Configuration:256 - com.bigdata.journal.AbstractJournal.historicalIndexCacheCapacity=60
2015-Sep-22 13:36:47,682 [INFO ] com.bigdata.config.Configuration:256 - com.bigdata.journal.AbstractJournal.historicalIndexCacheTimeout=60000
2015-Sep-22 13:36:47,697 [INFO ] com.bigdata.config.Configuration:256 - com.bigdata.journal.AbstractJournal.liveIndexCacheCapacity=60
2015-Sep-22 13:36:47,698 [INFO ] com.bigdata.config.Configuration:256 - com.bigdata.journal.AbstractJournal.liveIndexCacheTimeout=60000
2015-Sep-22 13:36:47,699 [INFO ] com.bigdata.config.Configuration:256 - com.bigdata.journal.AbstractJournal.initialExtent=10485760
2015-Sep-22 13:36:47,701 [INFO ] com.bigdata.config.Configuration:256 - com.bigdata.journal.AbstractJournal.maximumExtent=209715200
2015-Sep-22 13:36:47,701 [INFO ] com.bigdata.config.Configuration:256 - com.bigdata.journal.AbstractJournal.minimumExtension=33554432
2015-Sep-22 13:36:47,702 [INFO ] com.bigdata.config.Configuration:256 - com.bigdata.journal.AbstractJournal.readOnly=false
2015-Sep-22 13:36:47,702 [INFO ] com.bigdata.config.Configuration:256 - com.bigdata.journal.AbstractJournal.forceOnCommit=ForceMetadata
2015-Sep-22 13:36:47,703 [INFO ] com.bigdata.config.Configuration:256 - com.bigdata.journal.AbstractJournal.doubleSync=false
2015-Sep-22 13:36:47,703 [INFO ] com.bigdata.config.Configuration:256 - com.bigdata.journal.AbstractJournal.deleteOnClose=false
2015-Sep-22 13:36:47,703 [INFO ] com.bigdata.config.Configuration:256 - com.bigdata.journal.AbstractJournal.tmpDir=/tmp
2015-Sep-22 13:36:47,704 [INFO ] com.bigdata.config.Configuration:256 - com.bigdata.journal.AbstractJournal.bufferMode=DiskRW
2015-Sep-22 13:36:47,718 [INFO ] com.bigdata.counters.AbstractStatisticsCollector:125 - FQDN      : monkey
2015-Sep-22 13:36:47,718 [INFO ] com.bigdata.counters.AbstractStatisticsCollector:126 - hostPrefix: /monkey/
2015-Sep-22 13:36:47,725 [INFO ] org.apache.system.SystemUtil:90 - architecture: amd64
2015-Sep-22 13:36:47,727 [INFO ] org.apache.system.SystemUtil:91 - operating system: Linux
2015-Sep-22 13:36:47,727 [INFO ] org.apache.system.SystemUtil:92 - operation system version: 3.19.0-21-generic
2015-Sep-22 13:36:47,728 [INFO ] org.apache.system.SystemUtil:93 - #processors: 4
2015-Sep-22 13:36:47,728 [INFO ] org.apache.system.SystemUtil:94 - cpu info: AMD FX(tm)-4300 Quad-Core Processor Family 21 Model 2 Stepping 0, AuthenticAMD
2015-Sep-22 13:36:47,740 [WARN ] com.bigdata.Banner:222 - Defaulting log level to WARN: com.bigdata
2015-Sep-22 13:36:47,811 [DEBUG] gov.va.semoss.tools.CliTest:148 - preRegister called. Server=com.sun.jmx.mbeanserver.JmxMBeanServer@ea6147e, name=log4j:logger=gov.va.semoss.tools.CliTest
2015-Sep-22 13:36:47,812 [DEBUG] gov.va.semoss.tools.CLI:148 - preRegister called. Server=com.sun.jmx.mbeanserver.JmxMBeanServer@ea6147e, name=log4j:logger=gov.va.semoss.tools.CLI
2015-Sep-22 13:36:47,813 [DEBUG] gov.va.semoss.rdf.engine.impl.AbstractEngine:148 - preRegister called. Server=com.sun.jmx.mbeanserver.JmxMBeanServer@ea6147e, name=log4j:logger=gov.va.semoss.rdf.engine.impl.AbstractEngine
2015-Sep-22 13:36:47,813 [DEBUG] gov.va.semoss.rdf.engine.util.EngineUtil:148 - preRegister called. Server=com.sun.jmx.mbeanserver.JmxMBeanServer@ea6147e, name=log4j:logger=gov.va.semoss.rdf.engine.util.EngineUtil
2015-Sep-22 13:36:47,815 [DEBUG] gov.va.vcamp:148 - preRegister called. Server=com.sun.jmx.mbeanserver.JmxMBeanServer@ea6147e, name=log4j:logger=gov.va.vcamp
2015-Sep-22 13:36:47,817 [DEBUG] gov.va.semoss:148 - preRegister called. Server=com.sun.jmx.mbeanserver.JmxMBeanServer@ea6147e, name=log4j:logger=gov.va.semoss
2015-Sep-22 13:36:48,238 [WARN ] com.bigdata.rdf.ServiceProviderHook:162 - Running.
2015-Sep-22 13:36:48,273 [WARN ] org.openrdf.query.resultio.TupleQueryResultWriterRegistry:57 - New service class org.openrdf.query.resultio.sparqljson.SPARQLResultsJSONWriterFactory replaces existing service class com.bigdata.rdf.rio.json.BigdataSPARQLResultsJSONWriterFactory
2015-Sep-22 13:36:48,278 [WARN ] org.openrdf.query.resultio.TupleQueryResultParserRegistry:57 - New service class org.openrdf.query.resultio.sparqljson.SPARQLResultsJSONParserFactory replaces existing service class com.bigdata.rdf.rio.json.BigdataSPARQLResultsJSONParserFactory
2015-Sep-22 13:36:48,870 [DEBUG] gov.va.semoss.util.GuiUtility:335 - In Utility file name is /tmp/cli-test-5107730007592503428.jnl
2015-Sep-22 13:36:48,872 [DEBUG] gov.va.semoss.rdf.engine.impl.AbstractEngine:403 - looking for null_Questions.properties as /tmp/null_Questions.properties
2015-Sep-22 13:36:48,873 [DEBUG] gov.va.semoss.rdf.engine.impl.AbstractEngine:403 - looking for null_Questions.properties as /home/ryan/devl/7delta/git/va-semoss/tools/null_Questions.properties
2015-Sep-22 13:36:48,873 [DEBUG] gov.va.semoss.rdf.engine.impl.AbstractEngine:403 - looking for null_OWL.OWL as /tmp/null_OWL.OWL
2015-Sep-22 13:36:48,874 [DEBUG] gov.va.semoss.rdf.engine.impl.AbstractEngine:403 - looking for null_OWL.OWL as /home/ryan/devl/7delta/git/va-semoss/tools/null_OWL.OWL
2015-Sep-22 13:36:48,874 [DEBUG] gov.va.semoss.rdf.engine.impl.AbstractEngine:403 - looking for null_Custom_Map.prop as /tmp/null_Custom_Map.prop
2015-Sep-22 13:36:48,874 [DEBUG] gov.va.semoss.rdf.engine.impl.AbstractEngine:403 - looking for null_Custom_Map.prop as /home/ryan/devl/7delta/git/va-semoss/tools/null_Custom_Map.prop
2015-Sep-22 13:36:48,875 [DEBUG] gov.va.semoss.rdf.engine.impl.AbstractEngine:403 - looking for RWStore.properties as /tmp/RWStore.properties
2015-Sep-22 13:36:48,875 [DEBUG] gov.va.semoss.rdf.engine.impl.AbstractEngine:403 - looking for RWStore.properties as /home/ryan/devl/7delta/git/va-semoss/tools/RWStore.properties
2015-Sep-22 13:36:49,194 [DEBUG] gov.va.semoss.rdf.engine.impl.BigDataEngine:174 - loading on-disk insights stmts: 0
2015-Sep-22 13:36:49,282 [WARN ] gov.va.semoss.rdf.engine.impl.AbstractEngine:91 - no schema URI set anywhere...using http://semoss.org/ontologies
2015-Sep-22 13:36:49,657 [INFO ] gov.va.semoss.util.GuiUtility:347 - Engine created.
2015-Sep-22 13:36:49,676 [DEBUG] gov.va.semoss.util.Utility:430 - -- listing properties --
GQ4_QUERY=SELECT ?subject ?predicate ?object WH...
GQ3_QUERY=SELECT ?subject ?predicate ?object WH...
GQ2_LAYOUT=gov.va.semoss.ui.components.playsheet...
GQ5_LAYOUT=gov.va.semoss.ui.components.playsheet...
PERSPECTIVE=Generic-Perspective
GQ1_Instance_QUERY=SELECT ?entity WHERE { {?entity <http...
Generic-Perspective=GQ1;GQ2;GQ3;GQ4;GQ5;
GQ5_QUERY=SELECT DISTINCT ?subject WHERE {{?sub...
GQ1_Concept_QUERY=SELECT ?entity WHERE { {?entity <http...
GQ3_LAYOUT=gov.va.semoss.ui.components.playsheet...
GQ5=Select Distinct Subjects
GQ1_LAYOUT=gov.va.semoss.ui.components.playsheet...
GQ4=Select Query Rendered as a Grid
GQ4_LAYOUT=gov.va.semoss.ui.components.playsheet...
GQ3=Select Query Raw
GQ2=Generic CONSTRUCT Query
GQ1=Explore an instance of a selected nod...
GQ2_QUERY=CONSTRUCT {?subject ?predicate ?objec...
GQ1_QUERY=CONSTRUCT {?instance ?instance ?insta...

2015-Sep-22 13:36:49,677 [DEBUG] gov.va.semoss.rdf.engine.impl.InsightManagerImpl:172 - Legacy Perspectives: Generic-Perspective
2015-Sep-22 13:36:49,771 [DEBUG] gov.va.semoss.rdf.engine.impl.BigDataEngine:205 - writing 106 statements to on-disk insight kb
2015-Sep-22 13:36:50,571 [DEBUG] gov.va.semoss.rdf.engine.util.QaChecker:86 - QA backing file is: /tmp/qachecker-5373458119069938676.maps
2015-Sep-22 13:36:50,886 [DEBUG] gov.va.semoss.rdf.engine.impl.AbstractSesameEngine:292 - closing db: cli-test-5107730007592503428
2015-Sep-22 13:36:50,889 [DEBUG] gov.va.semoss.rdf.engine.impl.AbstractEngine:403 - looking for null_Questions.properties as /home/ryan/devl/7delta/git/va-semoss/tools/null_Questions.properties
2015-Sep-22 13:36:50,889 [DEBUG] gov.va.semoss.rdf.engine.impl.AbstractEngine:403 - looking for null_OWL.OWL as /home/ryan/devl/7delta/git/va-semoss/tools/null_OWL.OWL
2015-Sep-22 13:36:50,889 [DEBUG] gov.va.semoss.rdf.engine.impl.AbstractEngine:403 - looking for null_Custom_Map.prop as /home/ryan/devl/7delta/git/va-semoss/tools/null_Custom_Map.prop
2015-Sep-22 13:36:50,890 [DEBUG] gov.va.semoss.rdf.engine.impl.AbstractEngine:403 - looking for RWStore.properties as /home/ryan/devl/7delta/git/va-semoss/tools/RWStore.properties
2015-Sep-22 13:36:50,953 [DEBUG] gov.va.semoss.rdf.engine.impl.BigDataEngine:174 - loading on-disk insights stmts: 106
2015-Sep-22 13:36:50,974 [WARN ] gov.va.semoss.rdf.engine.impl.AbstractEngine:91 - no schema URI set anywhere...using http://semoss.org/ontologies
2015-Sep-22 13:36:51,059 [DEBUG] gov.va.semoss.rdf.engine.util.QaChecker:86 - QA backing file is: /tmp/qachecker-8179103362210659738.maps
2015-Sep-22 13:36:51,316 [DEBUG] gov.va.semoss.rdf.engine.impl.AbstractSesameEngine:292 - closing db: null
2015-Sep-22 13:37:41,581 [INFO ] com.bigdata.config.Configuration:256 - com.bigdata.journal.AbstractJournal.historicalIndexCacheCapacity=60
2015-Sep-22 13:37:41,589 [INFO ] com.bigdata.config.Configuration:256 - com.bigdata.journal.AbstractJournal.historicalIndexCacheTimeout=60000
2015-Sep-22 13:37:41,603 [INFO ] com.bigdata.config.Configuration:256 - com.bigdata.journal.AbstractJournal.liveIndexCacheCapacity=60
2015-Sep-22 13:37:41,604 [INFO ] com.bigdata.config.Configuration:256 - com.bigdata.journal.AbstractJournal.liveIndexCacheTimeout=60000
2015-Sep-22 13:37:41,605 [INFO ] com.bigdata.config.Configuration:256 - com.bigdata.journal.AbstractJournal.initialExtent=10485760
2015-Sep-22 13:37:41,606 [INFO ] com.bigdata.config.Configuration:256 - com.bigdata.journal.AbstractJournal.maximumExtent=209715200
2015-Sep-22 13:37:41,606 [INFO ] com.bigdata.config.Configuration:256 - com.bigdata.journal.AbstractJournal.minimumExtension=33554432
2015-Sep-22 13:37:41,607 [INFO ] com.bigdata.config.Configuration:256 - com.bigdata.journal.AbstractJournal.readOnly=false
2015-Sep-22 13:37:41,608 [INFO ] com.bigdata.config.Configuration:256 - com.bigdata.journal.AbstractJournal.forceOnCommit=ForceMetadata
2015-Sep-22 13:37:41,608 [INFO ] com.bigdata.config.Configuration:256 - com.bigdata.journal.AbstractJournal.doubleSync=false
2015-Sep-22 13:37:41,609 [INFO ] com.bigdata.config.Configuration:256 - com.bigdata.journal.AbstractJournal.deleteOnClose=false
2015-Sep-22 13:37:41,610 [INFO ] com.bigdata.config.Configuration:256 - com.bigdata.journal.AbstractJournal.tmpDir=/tmp
2015-Sep-22 13:37:41,610 [INFO ] com.bigdata.config.Configuration:256 - com.bigdata.journal.AbstractJournal.bufferMode=DiskRW
2015-Sep-22 13:37:41,625 [INFO ] com.bigdata.counters.AbstractStatisticsCollector:125 - FQDN      : monkey
2015-Sep-22 13:37:41,625 [INFO ] com.bigdata.counters.AbstractStatisticsCollector:126 - hostPrefix: /monkey/
2015-Sep-22 13:37:41,631 [INFO ] org.apache.system.SystemUtil:90 - architecture: amd64
2015-Sep-22 13:37:41,634 [INFO ] org.apache.system.SystemUtil:91 - operating system: Linux
2015-Sep-22 13:37:41,635 [INFO ] org.apache.system.SystemUtil:92 - operation system version: 3.19.0-21-generic
2015-Sep-22 13:37:41,635 [INFO ] org.apache.system.SystemUtil:93 - #processors: 4
2015-Sep-22 13:37:41,635 [INFO ] org.apache.system.SystemUtil:94 - cpu info: AMD FX(tm)-4300 Quad-Core Processor Family 21 Model 2 Stepping 0, AuthenticAMD
2015-Sep-22 13:37:41,647 [WARN ] com.bigdata.Banner:222 - Defaulting log level to WARN: com.bigdata
2015-Sep-22 13:37:41,717 [DEBUG] gov.va.semoss.tools.CliTest:148 - preRegister called. Server=com.sun.jmx.mbeanserver.JmxMBeanServer@3fb1549b, name=log4j:logger=gov.va.semoss.tools.CliTest
2015-Sep-22 13:37:41,719 [DEBUG] gov.va.semoss.tools.CLI:148 - preRegister called. Server=com.sun.jmx.mbeanserver.JmxMBeanServer@3fb1549b, name=log4j:logger=gov.va.semoss.tools.CLI
2015-Sep-22 13:37:41,719 [DEBUG] gov.va.semoss.rdf.engine.impl.AbstractEngine:148 - preRegister called. Server=com.sun.jmx.mbeanserver.JmxMBeanServer@3fb1549b, name=log4j:logger=gov.va.semoss.rdf.engine.impl.AbstractEngine
2015-Sep-22 13:37:41,720 [DEBUG] gov.va.semoss.rdf.engine.util.EngineUtil:148 - preRegister called. Server=com.sun.jmx.mbeanserver.JmxMBeanServer@3fb1549b, name=log4j:logger=gov.va.semoss.rdf.engine.util.EngineUtil
2015-Sep-22 13:37:41,722 [DEBUG] gov.va.vcamp:148 - preRegister called. Server=com.sun.jmx.mbeanserver.JmxMBeanServer@3fb1549b, name=log4j:logger=gov.va.vcamp
2015-Sep-22 13:37:41,723 [DEBUG] gov.va.semoss:148 - preRegister called. Server=com.sun.jmx.mbeanserver.JmxMBeanServer@3fb1549b, name=log4j:logger=gov.va.semoss
2015-Sep-22 13:37:42,166 [WARN ] com.bigdata.rdf.ServiceProviderHook:162 - Running.
2015-Sep-22 13:37:42,201 [WARN ] org.openrdf.query.resultio.TupleQueryResultWriterRegistry:57 - New service class org.openrdf.query.resultio.sparqljson.SPARQLResultsJSONWriterFactory replaces existing service class com.bigdata.rdf.rio.json.BigdataSPARQLResultsJSONWriterFactory
2015-Sep-22 13:37:42,206 [WARN ] org.openrdf.query.resultio.TupleQueryResultParserRegistry:57 - New service class org.openrdf.query.resultio.sparqljson.SPARQLResultsJSONParserFactory replaces existing service class com.bigdata.rdf.rio.json.BigdataSPARQLResultsJSONParserFactory
2015-Sep-22 13:37:42,816 [DEBUG] gov.va.semoss.util.GuiUtility:335 - In Utility file name is /tmp/cli-test-6941088686056810424.jnl
2015-Sep-22 13:37:42,818 [DEBUG] gov.va.semoss.rdf.engine.impl.AbstractEngine:403 - looking for null_Questions.properties as /tmp/null_Questions.properties
2015-Sep-22 13:37:42,819 [DEBUG] gov.va.semoss.rdf.engine.impl.AbstractEngine:403 - looking for null_Questions.properties as /home/ryan/devl/7delta/git/va-semoss/tools/null_Questions.properties
2015-Sep-22 13:37:42,819 [DEBUG] gov.va.semoss.rdf.engine.impl.AbstractEngine:403 - looking for null_OWL.OWL as /tmp/null_OWL.OWL
2015-Sep-22 13:37:42,820 [DEBUG] gov.va.semoss.rdf.engine.impl.AbstractEngine:403 - looking for null_OWL.OWL as /home/ryan/devl/7delta/git/va-semoss/tools/null_OWL.OWL
2015-Sep-22 13:37:42,820 [DEBUG] gov.va.semoss.rdf.engine.impl.AbstractEngine:403 - looking for null_Custom_Map.prop as /tmp/null_Custom_Map.prop
2015-Sep-22 13:37:42,820 [DEBUG] gov.va.semoss.rdf.engine.impl.AbstractEngine:403 - looking for null_Custom_Map.prop as /home/ryan/devl/7delta/git/va-semoss/tools/null_Custom_Map.prop
2015-Sep-22 13:37:42,821 [DEBUG] gov.va.semoss.rdf.engine.impl.AbstractEngine:403 - looking for RWStore.properties as /tmp/RWStore.properties
2015-Sep-22 13:37:42,821 [DEBUG] gov.va.semoss.rdf.engine.impl.AbstractEngine:403 - looking for RWStore.properties as /home/ryan/devl/7delta/git/va-semoss/tools/RWStore.properties
2015-Sep-22 13:37:43,138 [DEBUG] gov.va.semoss.rdf.engine.impl.BigDataEngine:174 - loading on-disk insights stmts: 0
2015-Sep-22 13:37:43,274 [WARN ] gov.va.semoss.rdf.engine.impl.AbstractEngine:91 - no schema URI set anywhere...using http://semoss.org/ontologies
2015-Sep-22 13:37:43,637 [INFO ] gov.va.semoss.util.GuiUtility:347 - Engine created.
2015-Sep-22 13:37:43,657 [DEBUG] gov.va.semoss.util.Utility:430 - -- listing properties --
GQ4_QUERY=SELECT ?subject ?predicate ?object WH...
GQ3_QUERY=SELECT ?subject ?predicate ?object WH...
GQ2_LAYOUT=gov.va.semoss.ui.components.playsheet...
GQ5_LAYOUT=gov.va.semoss.ui.components.playsheet...
PERSPECTIVE=Generic-Perspective
GQ1_Instance_QUERY=SELECT ?entity WHERE { {?entity <http...
Generic-Perspective=GQ1;GQ2;GQ3;GQ4;GQ5;
GQ5_QUERY=SELECT DISTINCT ?subject WHERE {{?sub...
GQ1_Concept_QUERY=SELECT ?entity WHERE { {?entity <http...
GQ3_LAYOUT=gov.va.semoss.ui.components.playsheet...
GQ5=Select Distinct Subjects
GQ1_LAYOUT=gov.va.semoss.ui.components.playsheet...
GQ4=Select Query Rendered as a Grid
GQ4_LAYOUT=gov.va.semoss.ui.components.playsheet...
GQ3=Select Query Raw
GQ2=Generic CONSTRUCT Query
GQ1=Explore an instance of a selected nod...
GQ2_QUERY=CONSTRUCT {?subject ?predicate ?objec...
GQ1_QUERY=CONSTRUCT {?instance ?instance ?insta...

2015-Sep-22 13:37:43,658 [DEBUG] gov.va.semoss.rdf.engine.impl.InsightManagerImpl:172 - Legacy Perspectives: Generic-Perspective
2015-Sep-22 13:37:43,832 [DEBUG] gov.va.semoss.rdf.engine.impl.BigDataEngine:205 - writing 106 statements to on-disk insight kb
2015-Sep-22 13:37:44,573 [DEBUG] gov.va.semoss.rdf.engine.util.QaChecker:86 - QA backing file is: /tmp/qachecker-3453235423262507601.maps
2015-Sep-22 13:37:44,895 [DEBUG] gov.va.semoss.rdf.engine.impl.AbstractSesameEngine:292 - closing db: cli-test-6941088686056810424
2015-Sep-22 13:37:44,898 [DEBUG] gov.va.semoss.rdf.engine.impl.AbstractEngine:403 - looking for null_Questions.properties as /home/ryan/devl/7delta/git/va-semoss/tools/null_Questions.properties
2015-Sep-22 13:37:44,898 [DEBUG] gov.va.semoss.rdf.engine.impl.AbstractEngine:403 - looking for null_OWL.OWL as /home/ryan/devl/7delta/git/va-semoss/tools/null_OWL.OWL
2015-Sep-22 13:37:44,899 [DEBUG] gov.va.semoss.rdf.engine.impl.AbstractEngine:403 - looking for null_Custom_Map.prop as /home/ryan/devl/7delta/git/va-semoss/tools/null_Custom_Map.prop
2015-Sep-22 13:37:44,899 [DEBUG] gov.va.semoss.rdf.engine.impl.AbstractEngine:403 - looking for RWStore.properties as /home/ryan/devl/7delta/git/va-semoss/tools/RWStore.properties
2015-Sep-22 13:37:44,953 [DEBUG] gov.va.semoss.rdf.engine.impl.BigDataEngine:174 - loading on-disk insights stmts: 106
2015-Sep-22 13:37:44,973 [WARN ] gov.va.semoss.rdf.engine.impl.AbstractEngine:91 - no schema URI set anywhere...using http://semoss.org/ontologies
2015-Sep-22 13:37:45,069 [DEBUG] gov.va.semoss.rdf.engine.util.QaChecker:86 - QA backing file is: /tmp/qachecker-8801347424383407664.maps
2015-Sep-22 13:37:45,338 [DEBUG] gov.va.semoss.rdf.engine.impl.AbstractSesameEngine:292 - closing db: null
2015-Sep-22 13:41:27,044 [DEBUG] gov.va.semoss.rdf.engine.impl.AbstractEngine:403 - looking for null_Questions.properties as /home/ryan/devl/7delta/git/va-semoss/tools/null_Questions.properties
2015-Sep-22 13:41:27,049 [DEBUG] gov.va.semoss.rdf.engine.impl.AbstractEngine:403 - looking for null_OWL.OWL as /home/ryan/devl/7delta/git/va-semoss/tools/null_OWL.OWL
2015-Sep-22 13:41:27,049 [DEBUG] gov.va.semoss.rdf.engine.impl.AbstractEngine:403 - looking for null_Custom_Map.prop as /home/ryan/devl/7delta/git/va-semoss/tools/null_Custom_Map.prop
2015-Sep-22 13:41:27,050 [DEBUG] gov.va.semoss.rdf.engine.impl.AbstractEngine:403 - looking for RWStore.properties as /home/ryan/devl/7delta/git/va-semoss/tools/RWStore.properties
2015-Sep-22 13:41:27,073 [INFO ] com.bigdata.config.Configuration:256 - com.bigdata.journal.AbstractJournal.historicalIndexCacheCapacity=60
2015-Sep-22 13:41:27,075 [INFO ] com.bigdata.config.Configuration:256 - com.bigdata.journal.AbstractJournal.historicalIndexCacheTimeout=60000
2015-Sep-22 13:41:27,082 [INFO ] com.bigdata.config.Configuration:256 - com.bigdata.journal.AbstractJournal.liveIndexCacheCapacity=60
2015-Sep-22 13:41:27,082 [INFO ] com.bigdata.config.Configuration:256 - com.bigdata.journal.AbstractJournal.liveIndexCacheTimeout=60000
2015-Sep-22 13:41:27,083 [INFO ] com.bigdata.config.Configuration:256 - com.bigdata.journal.AbstractJournal.initialExtent=10485760
2015-Sep-22 13:41:27,083 [INFO ] com.bigdata.config.Configuration:256 - com.bigdata.journal.AbstractJournal.maximumExtent=209715200
2015-Sep-22 13:41:27,084 [INFO ] com.bigdata.config.Configuration:256 - com.bigdata.journal.AbstractJournal.minimumExtension=33554432
2015-Sep-22 13:41:27,085 [INFO ] com.bigdata.config.Configuration:256 - com.bigdata.journal.AbstractJournal.readOnly=false
2015-Sep-22 13:41:27,085 [INFO ] com.bigdata.config.Configuration:256 - com.bigdata.journal.AbstractJournal.forceOnCommit=ForceMetadata
2015-Sep-22 13:41:27,085 [INFO ] com.bigdata.config.Configuration:256 - com.bigdata.journal.AbstractJournal.doubleSync=false
2015-Sep-22 13:41:27,086 [INFO ] com.bigdata.config.Configuration:256 - com.bigdata.journal.AbstractJournal.deleteOnClose=false
2015-Sep-22 13:41:27,086 [INFO ] com.bigdata.config.Configuration:256 - com.bigdata.journal.AbstractJournal.tmpDir=/tmp
2015-Sep-22 13:41:27,089 [INFO ] com.bigdata.config.Configuration:256 - com.bigdata.journal.AbstractJournal.bufferMode=DiskWORM
2015-Sep-22 13:41:27,103 [INFO ] com.bigdata.counters.AbstractStatisticsCollector:125 - FQDN      : monkey
2015-Sep-22 13:41:27,103 [INFO ] com.bigdata.counters.AbstractStatisticsCollector:126 - hostPrefix: /monkey/
2015-Sep-22 13:41:27,110 [INFO ] org.apache.system.SystemUtil:90 - architecture: amd64
2015-Sep-22 13:41:27,111 [INFO ] org.apache.system.SystemUtil:91 - operating system: Linux
2015-Sep-22 13:41:27,111 [INFO ] org.apache.system.SystemUtil:92 - operation system version: 3.19.0-21-generic
2015-Sep-22 13:41:27,112 [INFO ] org.apache.system.SystemUtil:93 - #processors: 4
2015-Sep-22 13:41:27,112 [INFO ] org.apache.system.SystemUtil:94 - cpu info: AMD FX(tm)-4300 Quad-Core Processor Family 21 Model 2 Stepping 0, AuthenticAMD
2015-Sep-22 13:41:27,123 [WARN ] com.bigdata.Banner:222 - Defaulting log level to WARN: com.bigdata
2015-Sep-22 13:41:27,205 [DEBUG] gov.va.semoss.tools.CliTest:148 - preRegister called. Server=com.sun.jmx.mbeanserver.JmxMBeanServer@3d921e20, name=log4j:logger=gov.va.semoss.tools.CliTest
2015-Sep-22 13:41:27,206 [DEBUG] gov.va.semoss.tools.CLI:148 - preRegister called. Server=com.sun.jmx.mbeanserver.JmxMBeanServer@3d921e20, name=log4j:logger=gov.va.semoss.tools.CLI
2015-Sep-22 13:41:27,207 [DEBUG] gov.va.semoss.rdf.engine.impl.AbstractEngine:148 - preRegister called. Server=com.sun.jmx.mbeanserver.JmxMBeanServer@3d921e20, name=log4j:logger=gov.va.semoss.rdf.engine.impl.AbstractEngine
2015-Sep-22 13:41:27,208 [DEBUG] gov.va.semoss.util.Utility:148 - preRegister called. Server=com.sun.jmx.mbeanserver.JmxMBeanServer@3d921e20, name=log4j:logger=gov.va.semoss.util.Utility
2015-Sep-22 13:41:27,210 [DEBUG] gov.va.semoss.rdf.engine.impl.AbstractSesameEngine:148 - preRegister called. Server=com.sun.jmx.mbeanserver.JmxMBeanServer@3d921e20, name=log4j:logger=gov.va.semoss.rdf.engine.impl.AbstractSesameEngine
2015-Sep-22 13:41:27,210 [DEBUG] gov.va.vcamp:148 - preRegister called. Server=com.sun.jmx.mbeanserver.JmxMBeanServer@3d921e20, name=log4j:logger=gov.va.vcamp
2015-Sep-22 13:41:27,211 [DEBUG] gov.va.semoss.rdf.engine.impl.BigDataEngine:148 - preRegister called. Server=com.sun.jmx.mbeanserver.JmxMBeanServer@3d921e20, name=log4j:logger=gov.va.semoss.rdf.engine.impl.BigDataEngine
2015-Sep-22 13:41:27,213 [DEBUG] gov.va.semoss:148 - preRegister called. Server=com.sun.jmx.mbeanserver.JmxMBeanServer@3d921e20, name=log4j:logger=gov.va.semoss
2015-Sep-22 13:41:27,604 [WARN ] com.bigdata.rdf.ServiceProviderHook:162 - Running.
2015-Sep-22 13:41:27,637 [WARN ] org.openrdf.query.resultio.TupleQueryResultWriterRegistry:57 - New service class org.openrdf.query.resultio.sparqljson.SPARQLResultsJSONWriterFactory replaces existing service class com.bigdata.rdf.rio.json.BigdataSPARQLResultsJSONWriterFactory
2015-Sep-22 13:41:27,652 [WARN ] org.openrdf.query.resultio.TupleQueryResultParserRegistry:57 - New service class org.openrdf.query.resultio.sparqljson.SPARQLResultsJSONParserFactory replaces existing service class com.bigdata.rdf.rio.json.BigdataSPARQLResultsJSONParserFactory
2015-Sep-22 13:41:28,129 [DEBUG] gov.va.semoss.rdf.engine.impl.BigDataEngine:174 - loading on-disk insights stmts: 0
2015-Sep-22 13:41:28,210 [WARN ] gov.va.semoss.rdf.engine.impl.AbstractEngine:91 - no schema URI set anywhere...using http://semoss.org/ontologies
2015-Sep-22 13:41:29,069 [DEBUG] gov.va.semoss.rdf.engine.impl.AbstractSesameEngine:292 - closing db: null
2015-Sep-22 13:41:29,363 [DEBUG] gov.va.semoss.util.GuiUtility:335 - In Utility file name is /tmp/cli-test-4844763657237088374.jnl
2015-Sep-22 13:41:29,364 [DEBUG] gov.va.semoss.rdf.engine.impl.AbstractEngine:403 - looking for null_Questions.properties as /tmp/null_Questions.properties
2015-Sep-22 13:41:29,364 [DEBUG] gov.va.semoss.rdf.engine.impl.AbstractEngine:403 - looking for null_Questions.properties as /home/ryan/devl/7delta/git/va-semoss/tools/null_Questions.properties
2015-Sep-22 13:41:29,365 [DEBUG] gov.va.semoss.rdf.engine.impl.AbstractEngine:403 - looking for null_OWL.OWL as /tmp/null_OWL.OWL
2015-Sep-22 13:41:29,365 [DEBUG] gov.va.semoss.rdf.engine.impl.AbstractEngine:403 - looking for null_OWL.OWL as /home/ryan/devl/7delta/git/va-semoss/tools/null_OWL.OWL
2015-Sep-22 13:41:29,365 [DEBUG] gov.va.semoss.rdf.engine.impl.AbstractEngine:403 - looking for null_Custom_Map.prop as /tmp/null_Custom_Map.prop
2015-Sep-22 13:41:29,366 [DEBUG] gov.va.semoss.rdf.engine.impl.AbstractEngine:403 - looking for null_Custom_Map.prop as /home/ryan/devl/7delta/git/va-semoss/tools/null_Custom_Map.prop
2015-Sep-22 13:41:29,366 [DEBUG] gov.va.semoss.rdf.engine.impl.AbstractEngine:403 - looking for RWStore.properties as /tmp/RWStore.properties
2015-Sep-22 13:41:29,367 [DEBUG] gov.va.semoss.rdf.engine.impl.AbstractEngine:403 - looking for RWStore.properties as /home/ryan/devl/7delta/git/va-semoss/tools/RWStore.properties
2015-Sep-22 13:41:29,547 [DEBUG] gov.va.semoss.rdf.engine.impl.BigDataEngine:174 - loading on-disk insights stmts: 0
2015-Sep-22 13:41:29,557 [WARN ] gov.va.semoss.rdf.engine.impl.AbstractEngine:91 - no schema URI set anywhere...using http://semoss.org/ontologies
2015-Sep-22 13:41:29,680 [INFO ] gov.va.semoss.util.GuiUtility:347 - Engine created.
2015-Sep-22 13:41:29,694 [DEBUG] gov.va.semoss.util.Utility:430 - -- listing properties --
GQ4_QUERY=SELECT ?subject ?predicate ?object WH...
GQ3_QUERY=SELECT ?subject ?predicate ?object WH...
GQ2_LAYOUT=gov.va.semoss.ui.components.playsheet...
GQ5_LAYOUT=gov.va.semoss.ui.components.playsheet...
PERSPECTIVE=Generic-Perspective
GQ1_Instance_QUERY=SELECT ?entity WHERE { {?entity <http...
Generic-Perspective=GQ1;GQ2;GQ3;GQ4;GQ5;
GQ5_QUERY=SELECT DISTINCT ?subject WHERE {{?sub...
GQ1_Concept_QUERY=SELECT ?entity WHERE { {?entity <http...
GQ3_LAYOUT=gov.va.semoss.ui.components.playsheet...
GQ5=Select Distinct Subjects
GQ1_LAYOUT=gov.va.semoss.ui.components.playsheet...
GQ4=Select Query Rendered as a Grid
GQ4_LAYOUT=gov.va.semoss.ui.components.playsheet...
GQ3=Select Query Raw
GQ2=Generic CONSTRUCT Query
GQ1=Explore an instance of a selected nod...
GQ2_QUERY=CONSTRUCT {?subject ?predicate ?objec...
GQ1_QUERY=CONSTRUCT {?instance ?instance ?insta...

2015-Sep-22 13:41:29,694 [DEBUG] gov.va.semoss.rdf.engine.impl.InsightManagerImpl:172 - Legacy Perspectives: Generic-Perspective
2015-Sep-22 13:41:29,791 [DEBUG] gov.va.semoss.rdf.engine.impl.BigDataEngine:205 - writing 106 statements to on-disk insight kb
2015-Sep-22 13:41:30,382 [DEBUG] gov.va.semoss.rdf.engine.util.QaChecker:86 - QA backing file is: /tmp/qachecker-4216709782115358105.maps
2015-Sep-22 13:41:30,701 [DEBUG] gov.va.semoss.rdf.engine.impl.AbstractSesameEngine:292 - closing db: cli-test-4844763657237088374
2015-Sep-22 13:41:30,704 [DEBUG] gov.va.semoss.rdf.engine.impl.AbstractEngine:403 - looking for null_Questions.properties as /home/ryan/devl/7delta/git/va-semoss/tools/null_Questions.properties
2015-Sep-22 13:41:30,704 [DEBUG] gov.va.semoss.rdf.engine.impl.AbstractEngine:403 - looking for null_OWL.OWL as /home/ryan/devl/7delta/git/va-semoss/tools/null_OWL.OWL
2015-Sep-22 13:41:30,704 [DEBUG] gov.va.semoss.rdf.engine.impl.AbstractEngine:403 - looking for null_Custom_Map.prop as /home/ryan/devl/7delta/git/va-semoss/tools/null_Custom_Map.prop
2015-Sep-22 13:41:30,704 [DEBUG] gov.va.semoss.rdf.engine.impl.AbstractEngine:403 - looking for RWStore.properties as /home/ryan/devl/7delta/git/va-semoss/tools/RWStore.properties
2015-Sep-22 13:41:30,759 [DEBUG] gov.va.semoss.rdf.engine.impl.BigDataEngine:174 - loading on-disk insights stmts: 106
2015-Sep-22 13:41:30,777 [WARN ] gov.va.semoss.rdf.engine.impl.AbstractEngine:91 - no schema URI set anywhere...using http://semoss.org/ontologies
2015-Sep-22 13:41:30,839 [DEBUG] gov.va.semoss.rdf.engine.util.QaChecker:86 - QA backing file is: /tmp/qachecker-4773236166651942603.maps
2015-Sep-22 13:41:31,079 [DEBUG] gov.va.semoss.rdf.engine.impl.AbstractSesameEngine:292 - closing db: null
2015-Sep-22 13:46:40,301 [DEBUG] gov.va.semoss.rdf.engine.impl.AbstractEngine:403 - looking for null_Questions.properties as /home/ryan/devl/7delta/git/va-semoss/tools/null_Questions.properties
2015-Sep-22 13:46:40,306 [DEBUG] gov.va.semoss.rdf.engine.impl.AbstractEngine:403 - looking for null_OWL.OWL as /home/ryan/devl/7delta/git/va-semoss/tools/null_OWL.OWL
2015-Sep-22 13:46:40,306 [DEBUG] gov.va.semoss.rdf.engine.impl.AbstractEngine:403 - looking for null_Custom_Map.prop as /home/ryan/devl/7delta/git/va-semoss/tools/null_Custom_Map.prop
2015-Sep-22 13:46:40,307 [DEBUG] gov.va.semoss.rdf.engine.impl.AbstractEngine:403 - looking for RWStore.properties as /home/ryan/devl/7delta/git/va-semoss/tools/RWStore.properties
2015-Sep-22 13:46:40,335 [INFO ] com.bigdata.config.Configuration:256 - com.bigdata.journal.AbstractJournal.historicalIndexCacheCapacity=60
2015-Sep-22 13:46:40,337 [INFO ] com.bigdata.config.Configuration:256 - com.bigdata.journal.AbstractJournal.historicalIndexCacheTimeout=60000
2015-Sep-22 13:46:40,345 [INFO ] com.bigdata.config.Configuration:256 - com.bigdata.journal.AbstractJournal.liveIndexCacheCapacity=60
2015-Sep-22 13:46:40,345 [INFO ] com.bigdata.config.Configuration:256 - com.bigdata.journal.AbstractJournal.liveIndexCacheTimeout=60000
2015-Sep-22 13:46:40,346 [INFO ] com.bigdata.config.Configuration:256 - com.bigdata.journal.AbstractJournal.initialExtent=10485760
2015-Sep-22 13:46:40,347 [INFO ] com.bigdata.config.Configuration:256 - com.bigdata.journal.AbstractJournal.maximumExtent=209715200
2015-Sep-22 13:46:40,347 [INFO ] com.bigdata.config.Configuration:256 - com.bigdata.journal.AbstractJournal.minimumExtension=33554432
2015-Sep-22 13:46:40,348 [INFO ] com.bigdata.config.Configuration:256 - com.bigdata.journal.AbstractJournal.readOnly=false
2015-Sep-22 13:46:40,348 [INFO ] com.bigdata.config.Configuration:256 - com.bigdata.journal.AbstractJournal.forceOnCommit=ForceMetadata
2015-Sep-22 13:46:40,349 [INFO ] com.bigdata.config.Configuration:256 - com.bigdata.journal.AbstractJournal.doubleSync=false
2015-Sep-22 13:46:40,349 [INFO ] com.bigdata.config.Configuration:256 - com.bigdata.journal.AbstractJournal.deleteOnClose=false
2015-Sep-22 13:46:40,350 [INFO ] com.bigdata.config.Configuration:256 - com.bigdata.journal.AbstractJournal.tmpDir=/tmp
2015-Sep-22 13:46:40,353 [INFO ] com.bigdata.config.Configuration:256 - com.bigdata.journal.AbstractJournal.bufferMode=DiskWORM
2015-Sep-22 13:46:40,368 [INFO ] com.bigdata.counters.AbstractStatisticsCollector:125 - FQDN      : monkey
2015-Sep-22 13:46:40,369 [INFO ] com.bigdata.counters.AbstractStatisticsCollector:126 - hostPrefix: /monkey/
2015-Sep-22 13:46:40,376 [INFO ] org.apache.system.SystemUtil:90 - architecture: amd64
2015-Sep-22 13:46:40,377 [INFO ] org.apache.system.SystemUtil:91 - operating system: Linux
2015-Sep-22 13:46:40,377 [INFO ] org.apache.system.SystemUtil:92 - operation system version: 3.19.0-21-generic
2015-Sep-22 13:46:40,378 [INFO ] org.apache.system.SystemUtil:93 - #processors: 4
2015-Sep-22 13:46:40,378 [INFO ] org.apache.system.SystemUtil:94 - cpu info: AMD FX(tm)-4300 Quad-Core Processor Family 21 Model 2 Stepping 0, AuthenticAMD
2015-Sep-22 13:46:40,391 [WARN ] com.bigdata.Banner:222 - Defaulting log level to WARN: com.bigdata
2015-Sep-22 13:46:40,466 [DEBUG] gov.va.semoss.tools.CliTest:148 - preRegister called. Server=com.sun.jmx.mbeanserver.JmxMBeanServer@371a67ec, name=log4j:logger=gov.va.semoss.tools.CliTest
2015-Sep-22 13:46:40,467 [DEBUG] gov.va.semoss.tools.CLI:148 - preRegister called. Server=com.sun.jmx.mbeanserver.JmxMBeanServer@371a67ec, name=log4j:logger=gov.va.semoss.tools.CLI
2015-Sep-22 13:46:40,468 [DEBUG] gov.va.semoss.rdf.engine.impl.AbstractEngine:148 - preRegister called. Server=com.sun.jmx.mbeanserver.JmxMBeanServer@371a67ec, name=log4j:logger=gov.va.semoss.rdf.engine.impl.AbstractEngine
2015-Sep-22 13:46:40,469 [DEBUG] gov.va.semoss.util.Utility:148 - preRegister called. Server=com.sun.jmx.mbeanserver.JmxMBeanServer@371a67ec, name=log4j:logger=gov.va.semoss.util.Utility
2015-Sep-22 13:46:40,471 [DEBUG] gov.va.semoss.rdf.engine.impl.AbstractSesameEngine:148 - preRegister called. Server=com.sun.jmx.mbeanserver.JmxMBeanServer@371a67ec, name=log4j:logger=gov.va.semoss.rdf.engine.impl.AbstractSesameEngine
2015-Sep-22 13:46:40,471 [DEBUG] gov.va.vcamp:148 - preRegister called. Server=com.sun.jmx.mbeanserver.JmxMBeanServer@371a67ec, name=log4j:logger=gov.va.vcamp
2015-Sep-22 13:46:40,472 [DEBUG] gov.va.semoss.rdf.engine.impl.BigDataEngine:148 - preRegister called. Server=com.sun.jmx.mbeanserver.JmxMBeanServer@371a67ec, name=log4j:logger=gov.va.semoss.rdf.engine.impl.BigDataEngine
2015-Sep-22 13:46:40,474 [DEBUG] gov.va.semoss:148 - preRegister called. Server=com.sun.jmx.mbeanserver.JmxMBeanServer@371a67ec, name=log4j:logger=gov.va.semoss
2015-Sep-22 13:46:40,851 [WARN ] com.bigdata.rdf.ServiceProviderHook:162 - Running.
2015-Sep-22 13:46:40,871 [WARN ] org.openrdf.query.resultio.TupleQueryResultWriterRegistry:57 - New service class org.openrdf.query.resultio.sparqljson.SPARQLResultsJSONWriterFactory replaces existing service class com.bigdata.rdf.rio.json.BigdataSPARQLResultsJSONWriterFactory
2015-Sep-22 13:46:40,882 [WARN ] org.openrdf.query.resultio.TupleQueryResultParserRegistry:57 - New service class org.openrdf.query.resultio.sparqljson.SPARQLResultsJSONParserFactory replaces existing service class com.bigdata.rdf.rio.json.BigdataSPARQLResultsJSONParserFactory
2015-Sep-22 13:46:41,447 [DEBUG] gov.va.semoss.rdf.engine.impl.BigDataEngine:174 - loading on-disk insights stmts: 0
2015-Sep-22 13:46:41,531 [WARN ] gov.va.semoss.rdf.engine.impl.AbstractEngine:91 - no schema URI set anywhere...using http://semoss.org/ontologies
2015-Sep-22 13:46:42,377 [DEBUG] gov.va.semoss.rdf.engine.impl.AbstractSesameEngine:292 - closing db: null
2015-Sep-22 13:46:42,693 [DEBUG] gov.va.semoss.util.GuiUtility:335 - In Utility file name is /tmp/cli-test-9006900202787162081.jnl
2015-Sep-22 13:46:42,693 [DEBUG] gov.va.semoss.rdf.engine.impl.AbstractEngine:403 - looking for null_Questions.properties as /tmp/null_Questions.properties
2015-Sep-22 13:46:42,694 [DEBUG] gov.va.semoss.rdf.engine.impl.AbstractEngine:403 - looking for null_Questions.properties as /home/ryan/devl/7delta/git/va-semoss/tools/null_Questions.properties
2015-Sep-22 13:46:42,694 [DEBUG] gov.va.semoss.rdf.engine.impl.AbstractEngine:403 - looking for null_OWL.OWL as /tmp/null_OWL.OWL
2015-Sep-22 13:46:42,694 [DEBUG] gov.va.semoss.rdf.engine.impl.AbstractEngine:403 - looking for null_OWL.OWL as /home/ryan/devl/7delta/git/va-semoss/tools/null_OWL.OWL
2015-Sep-22 13:46:42,695 [DEBUG] gov.va.semoss.rdf.engine.impl.AbstractEngine:403 - looking for null_Custom_Map.prop as /tmp/null_Custom_Map.prop
2015-Sep-22 13:46:42,695 [DEBUG] gov.va.semoss.rdf.engine.impl.AbstractEngine:403 - looking for null_Custom_Map.prop as /home/ryan/devl/7delta/git/va-semoss/tools/null_Custom_Map.prop
2015-Sep-22 13:46:42,695 [DEBUG] gov.va.semoss.rdf.engine.impl.AbstractEngine:403 - looking for RWStore.properties as /tmp/RWStore.properties
2015-Sep-22 13:46:42,696 [DEBUG] gov.va.semoss.rdf.engine.impl.AbstractEngine:403 - looking for RWStore.properties as /home/ryan/devl/7delta/git/va-semoss/tools/RWStore.properties
2015-Sep-22 13:46:42,857 [DEBUG] gov.va.semoss.rdf.engine.impl.BigDataEngine:174 - loading on-disk insights stmts: 0
2015-Sep-22 13:46:42,868 [WARN ] gov.va.semoss.rdf.engine.impl.AbstractEngine:91 - no schema URI set anywhere...using http://semoss.org/ontologies
2015-Sep-22 13:46:42,965 [INFO ] gov.va.semoss.util.GuiUtility:347 - Engine created.
2015-Sep-22 13:46:42,980 [DEBUG] gov.va.semoss.util.Utility:430 - -- listing properties --
GQ4_QUERY=SELECT ?subject ?predicate ?object WH...
GQ3_QUERY=SELECT ?subject ?predicate ?object WH...
GQ2_LAYOUT=gov.va.semoss.ui.components.playsheet...
GQ5_LAYOUT=gov.va.semoss.ui.components.playsheet...
PERSPECTIVE=Generic-Perspective
GQ1_Instance_QUERY=SELECT ?entity WHERE { {?entity <http...
Generic-Perspective=GQ1;GQ2;GQ3;GQ4;GQ5;
GQ5_QUERY=SELECT DISTINCT ?subject WHERE {{?sub...
GQ1_Concept_QUERY=SELECT ?entity WHERE { {?entity <http...
GQ3_LAYOUT=gov.va.semoss.ui.components.playsheet...
GQ5=Select Distinct Subjects
GQ1_LAYOUT=gov.va.semoss.ui.components.playsheet...
GQ4=Select Query Rendered as a Grid
GQ4_LAYOUT=gov.va.semoss.ui.components.playsheet...
GQ3=Select Query Raw
GQ2=Generic CONSTRUCT Query
GQ1=Explore an instance of a selected nod...
GQ2_QUERY=CONSTRUCT {?subject ?predicate ?objec...
GQ1_QUERY=CONSTRUCT {?instance ?instance ?insta...

2015-Sep-22 13:46:42,982 [DEBUG] gov.va.semoss.rdf.engine.impl.InsightManagerImpl:172 - Legacy Perspectives: Generic-Perspective
2015-Sep-22 13:46:43,076 [DEBUG] gov.va.semoss.rdf.engine.impl.BigDataEngine:205 - writing 106 statements to on-disk insight kb
2015-Sep-22 13:46:43,684 [DEBUG] gov.va.semoss.rdf.engine.util.QaChecker:86 - QA backing file is: /tmp/qachecker-8702847120884760410.maps
2015-Sep-22 13:46:44,023 [DEBUG] gov.va.semoss.rdf.engine.impl.AbstractSesameEngine:292 - closing db: cli-test-9006900202787162081
2015-Sep-22 13:46:44,025 [DEBUG] gov.va.semoss.rdf.engine.impl.AbstractEngine:403 - looking for null_Questions.properties as /home/ryan/devl/7delta/git/va-semoss/tools/null_Questions.properties
2015-Sep-22 13:46:44,025 [DEBUG] gov.va.semoss.rdf.engine.impl.AbstractEngine:403 - looking for null_OWL.OWL as /home/ryan/devl/7delta/git/va-semoss/tools/null_OWL.OWL
2015-Sep-22 13:46:44,026 [DEBUG] gov.va.semoss.rdf.engine.impl.AbstractEngine:403 - looking for null_Custom_Map.prop as /home/ryan/devl/7delta/git/va-semoss/tools/null_Custom_Map.prop
2015-Sep-22 13:46:44,026 [DEBUG] gov.va.semoss.rdf.engine.impl.AbstractEngine:403 - looking for RWStore.properties as /home/ryan/devl/7delta/git/va-semoss/tools/RWStore.properties
2015-Sep-22 13:46:44,082 [DEBUG] gov.va.semoss.rdf.engine.impl.BigDataEngine:174 - loading on-disk insights stmts: 106
2015-Sep-22 13:46:44,099 [WARN ] gov.va.semoss.rdf.engine.impl.AbstractEngine:91 - no schema URI set anywhere...using http://semoss.org/ontologies
2015-Sep-22 13:46:44,155 [DEBUG] gov.va.semoss.rdf.engine.util.QaChecker:86 - QA backing file is: /tmp/qachecker-5116274776106990662.maps
2015-Sep-22 13:46:44,426 [DEBUG] gov.va.semoss.rdf.engine.impl.AbstractSesameEngine:292 - closing db: null
